d:\2016me\0503-2\optimization\optimization\optimization\debug\vc140.pdb
d:\2016me\0503-2\optimization\optimization\optimization\debug\shadermanager.obj
d:\2016me\0503-2\optimization\optimization\optimization\debug\myform.obj
d:\2016me\0503-2\optimization\optimization\optimization\debug\loadshaders.obj
d:\2016me\0503-2\optimization\optimization\optimization\debug\.netframework,version=v4.5.2.assemblyattributes.obj
d:\2016me\0503-2\optimization\optimization\optimization\debug\.netframework,version=v4.5.2.assemblyattributes.asm
d:\2016me\0503-2\optimization\optimization\debug\optimization.exe
d:\2016me\0503-2\optimization\optimization\debug\optimization.pdb
d:\2016me\0503-2\optimization\optimization\optimization\debug\optimization.tlog\metagen.write.1.tlog
d:\2016me\0503-2\optimization\optimization\debug\hkoglpanel.dll
d:\2016me\0503-2\optimization\optimization\optimization\debug\optimization.myform.resources
d:\2016me\0503-2\optimization\optimization\optimization\debug\optimization.vcxproj.generateresource.cache
d:\2016me\0503-2\optimization\optimization\optimization\debug\optimization.vcxprojresolveassemblyreference.cache
d:\2016me\0503-2\optimization\optimization\optimization\debug\optimization.tlog\cl.command.1.tlog
d:\2016me\0503-2\optimization\optimization\optimization\debug\optimization.tlog\cl.read.1.tlog
d:\2016me\0503-2\optimization\optimization\optimization\debug\optimization.tlog\cl.write.1.tlog
d:\2016me\0503-2\optimization\optimization\optimization\debug\optimization.tlog\link.command.1.tlog
d:\2016me\0503-2\optimization\optimization\optimization\debug\optimization.tlog\link.read.1.tlog
d:\2016me\0503-2\optimization\optimization\optimization\debug\optimization.tlog\link.write.1.tlog
d:\2016me\0503-2\optimization\optimization\optimization\debug\optimization.tlog\metagen.read.1.tlog
d:\2016me\0503-2\optimization\optimization\optimization\debug\optimization.tlog\optimization.write.1u.tlog
d:\2016me\0503-2\optimization\optimization\optimization\debug\optimization.tlog\hkoglpanel.dll.metagen
d:\2016me\0503-2\optimization\optimization\optimization\debug\optimization.tlog\rsaenh.dll.bi
d:\2016me\0503-2\optimization\optimization\optimization\debug\optimization.tlog\tzres.dll.bi
