d:\2016工程數學\windowsformsapplication_cpp\windowsformsapplication_cpp\debug\vc140.pdb
d:\2016工程數學\windowsformsapplication_cpp\windowsformsapplication_cpp\debug\.netframework,version=v4.5.2.assemblyattributes.obj
d:\2016工程數學\windowsformsapplication_cpp\windowsformsapplication_cpp\debug\.netframework,version=v4.5.2.assemblyattributes.asm
d:\2016工程數學\windowsformsapplication_cpp\windowsformsapplication_cpp\debug\windowsform.obj
d:\2016工程數學\windowsformsapplication_cpp\windowsformsapplication_cpp\debug\datamanager.obj
d:\2016工程數學\windowsformsapplication_cpp\debug\windowsformsapplication_cpp.exe
d:\2016工程數學\windowsformsapplication_cpp\debug\windowsformsapplication_cpp.pdb
d:\2016工程數學\windowsformsapplication_cpp\windowsformsapplication_cpp\debug\windowsformsapplication_cpp.windowsform.resources
d:\2016工程數學\windowsformsapplication_cpp\windowsformsapplication_cpp\debug\windowsformsapplication_cpp.vcxproj.generateresource.cache
d:\2016工程數學\windowsformsapplication_cpp\windowsformsapplication_cpp\debug\windowsformsapplication_cpp.vcxprojresolveassemblyreference.cache
d:\2016工程數學\windowsformsapplication_cpp\windowsformsapplication_cpp\debug\windowsf.4c6bccbd.tlog\cl.command.1.tlog
d:\2016工程數學\windowsformsapplication_cpp\windowsformsapplication_cpp\debug\windowsf.4c6bccbd.tlog\cl.read.1.tlog
d:\2016工程數學\windowsformsapplication_cpp\windowsformsapplication_cpp\debug\windowsf.4c6bccbd.tlog\cl.write.1.tlog
d:\2016工程數學\windowsformsapplication_cpp\windowsformsapplication_cpp\debug\windowsf.4c6bccbd.tlog\link.command.1.tlog
d:\2016工程數學\windowsformsapplication_cpp\windowsformsapplication_cpp\debug\windowsf.4c6bccbd.tlog\link.read.1.tlog
d:\2016工程數學\windowsformsapplication_cpp\windowsformsapplication_cpp\debug\windowsf.4c6bccbd.tlog\link.write.1.tlog
d:\2016工程數學\windowsformsapplication_cpp\windowsformsapplication_cpp\debug\windowsf.4c6bccbd.tlog\metagen.read.1.tlog
d:\2016工程數學\windowsformsapplication_cpp\windowsformsapplication_cpp\debug\windowsf.4c6bccbd.tlog\metagen.write.1.tlog
d:\2016工程數學\windowsformsapplication_cpp\windowsformsapplication_cpp\debug\windowsf.4c6bccbd.tlog\windowsformsapplication_cpp.write.1u.tlog
d:\2016工程數學\windowsformsapplication_cpp\windowsformsapplication_cpp\debug\windowsf.4c6bccbd.tlog\rsaenh.dll.bi
d:\2016工程數學\windowsformsapplication_cpp\windowsformsapplication_cpp\debug\windowsf.4c6bccbd.tlog\tzres.dll.bi
